20-11-2019 14:51:12.800 [main] INFO  o.s.d.r.c.RepositoryConfigurationDelegate.registerRepositoriesIn - Bootstrapping Spring Data repositories in DEFAULT mode.
20-11-2019 14:51:13.098 [main] INFO  o.s.d.r.c.RepositoryConfigurationDelegate.registerRepositoriesIn - Finished Spring Data repository scanning in 233ms. Found 2 repository interfaces.
20-11-2019 14:51:13.887 [main] INFO  o.s.c.s.PostProcessorRegistrationDelegate$BeanPostProcessorChecker.postProcessAfterInitialization - Bean 'org.springframework.transaction.annotation.ProxyTransactionManagementConfiguration' of type [org.springframework.transaction.annotation.ProxyTransactionManagementConfiguration] is not eligible for getting processed by all BeanPostProcessors (for example: not eligible for auto-proxying)
20-11-2019 14:51:15.324 [main] INFO  o.s.b.w.e.tomcat.TomcatWebServer.initialize - Tomcat initialized with port(s): 5000 (http)
20-11-2019 14:51:15.350 [main] INFO  o.a.catalina.core.StandardService.log - Starting service [Tomcat]
20-11-2019 14:51:15.350 [main] INFO  o.a.catalina.core.StandardEngine.log - Starting Servlet engine: [Apache Tomcat/9.0.27]
20-11-2019 14:51:15.679 [main] INFO  o.a.c.c.C.[Tomcat].[localhost].[/].log - Initializing Spring embedded WebApplicationContext
20-11-2019 14:51:15.680 [main] DEBUG o.s.web.context.ContextLoader.prepareWebApplicationContext - Published root WebApplicationContext as ServletContext attribute with name [org.springframework.web.context.WebApplicationContext.ROOT]
20-11-2019 14:51:15.681 [main] INFO  o.s.web.context.ContextLoader.prepareWebApplicationContext - Root WebApplicationContext: initialization completed in 5030 ms
20-11-2019 14:51:21.869 [main] INFO  o.s.o.j.LocalContainerEntityManagerFactoryBean.buildNativeEntityManagerFactory - Initialized JPA EntityManagerFactory for persistence unit 'default'
20-11-2019 14:51:22.770 [main] WARN  o.s.b.a.o.j.JpaBaseConfiguration$JpaWebConfiguration.openEntityManagerInViewInterceptor - spring.jpa.open-in-view is enabled by default. Therefore, database queries may be performed during view rendering. Explicitly configure spring.jpa.open-in-view to disable this warning
20-11-2019 14:51:23.080 [main] INFO  o.s.s.c.ThreadPoolTaskExecutor.initialize - Initializing ExecutorService 'applicationTaskExecutor'
20-11-2019 14:51:23.098 [main] DEBUG o.s.w.s.m.m.a.RequestMappingHandlerAdapter.initControllerAdviceCache - ControllerAdvice beans: 0 @ModelAttribute, 0 @InitBinder, 1 RequestBodyAdvice, 1 ResponseBodyAdvice
20-11-2019 14:51:23.248 [main] DEBUG o.s.w.s.m.m.a.RequestMappingHandlerMapping.handlerMethodsInitialized - 5 mappings in 'requestMappingHandlerMapping'
20-11-2019 14:51:23.300 [main] DEBUG o.s.w.s.h.SimpleUrlHandlerMapping.registerHandlers - Patterns [/webjars/**, /**] in 'resourceHandlerMapping'
20-11-2019 14:51:23.319 [main] DEBUG o.s.w.s.m.m.a.ExceptionHandlerExceptionResolver.initExceptionHandlerAdviceCache - ControllerAdvice beans: 0 @ExceptionHandler, 1 ResponseBodyAdvice
20-11-2019 14:51:24.083 [main] INFO  o.s.b.w.e.tomcat.TomcatWebServer.start - Tomcat started on port(s): 5000 (http) with context path ''
20-11-2019 16:53:20.539 [main] INFO  o.s.d.r.c.RepositoryConfigurationDelegate.registerRepositoriesIn - Bootstrapping Spring Data repositories in DEFAULT mode.
20-11-2019 16:53:20.717 [main] INFO  o.s.d.r.c.RepositoryConfigurationDelegate.registerRepositoriesIn - Finished Spring Data repository scanning in 150ms. Found 2 repository interfaces.
20-11-2019 16:53:21.576 [main] INFO  o.s.c.s.PostProcessorRegistrationDelegate$BeanPostProcessorChecker.postProcessAfterInitialization - Bean 'org.springframework.transaction.annotation.ProxyTransactionManagementConfiguration' of type [org.springframework.transaction.annotation.ProxyTransactionManagementConfiguration] is not eligible for getting processed by all BeanPostProcessors (for example: not eligible for auto-proxying)
20-11-2019 16:53:22.898 [main] INFO  o.s.b.w.e.tomcat.TomcatWebServer.initialize - Tomcat initialized with port(s): 5000 (http)
20-11-2019 16:53:22.917 [main] INFO  o.a.catalina.core.StandardService.log - Starting service [Tomcat]
20-11-2019 16:53:22.917 [main] INFO  o.a.catalina.core.StandardEngine.log - Starting Servlet engine: [Apache Tomcat/9.0.27]
20-11-2019 16:53:23.186 [main] INFO  o.a.c.c.C.[Tomcat].[localhost].[/].log - Initializing Spring embedded WebApplicationContext
20-11-2019 16:53:23.186 [main] DEBUG o.s.web.context.ContextLoader.prepareWebApplicationContext - Published root WebApplicationContext as ServletContext attribute with name [org.springframework.web.context.WebApplicationContext.ROOT]
20-11-2019 16:53:23.187 [main] INFO  o.s.web.context.ContextLoader.prepareWebApplicationContext - Root WebApplicationContext: initialization completed in 4004 ms
20-11-2019 16:53:27.960 [main] INFO  o.s.o.j.LocalContainerEntityManagerFactoryBean.buildNativeEntityManagerFactory - Initialized JPA EntityManagerFactory for persistence unit 'default'
20-11-2019 16:53:29.040 [main] WARN  o.s.b.a.o.j.JpaBaseConfiguration$JpaWebConfiguration.openEntityManagerInViewInterceptor - spring.jpa.open-in-view is enabled by default. Therefore, database queries may be performed during view rendering. Explicitly configure spring.jpa.open-in-view to disable this warning
20-11-2019 16:53:29.399 [main] INFO  o.s.s.c.ThreadPoolTaskExecutor.initialize - Initializing ExecutorService 'applicationTaskExecutor'
20-11-2019 16:53:29.414 [main] DEBUG o.s.w.s.m.m.a.RequestMappingHandlerAdapter.initControllerAdviceCache - ControllerAdvice beans: 0 @ModelAttribute, 0 @InitBinder, 1 RequestBodyAdvice, 1 ResponseBodyAdvice
20-11-2019 16:53:29.575 [main] DEBUG o.s.w.s.m.m.a.RequestMappingHandlerMapping.handlerMethodsInitialized - 5 mappings in 'requestMappingHandlerMapping'
20-11-2019 16:53:29.647 [main] DEBUG o.s.w.s.h.SimpleUrlHandlerMapping.registerHandlers - Patterns [/webjars/**, /**] in 'resourceHandlerMapping'
20-11-2019 16:53:29.679 [main] DEBUG o.s.w.s.m.m.a.ExceptionHandlerExceptionResolver.initExceptionHandlerAdviceCache - ControllerAdvice beans: 0 @ExceptionHandler, 1 ResponseBodyAdvice
20-11-2019 16:53:29.988 [main] INFO  o.a.catalina.core.StandardService.log - Stopping service [Tomcat]
20-11-2019 16:53:30.001 [main] INFO  o.s.b.a.l.ConditionEvaluationReportLoggingListener.logMessage - 

Error starting ApplicationContext. To display the conditions report re-run your application with 'debug' enabled.
20-11-2019 16:53:30.006 [main] ERROR o.s.b.d.LoggingFailureAnalysisReporter.report - 

***************************
APPLICATION FAILED TO START
***************************

Description:

Web server failed to start. Port 5000 was already in use.

Action:

Identify and stop the process that's listening on port 5000 or configure this application to listen on another port.

20-11-2019 16:53:30.011 [main] INFO  o.s.s.c.ThreadPoolTaskExecutor.shutdown - Shutting down ExecutorService 'applicationTaskExecutor'
20-11-2019 16:53:30.013 [main] INFO  o.s.o.j.LocalContainerEntityManagerFactoryBean.destroy - Closing JPA EntityManagerFactory for persistence unit 'default'
20-11-2019 16:54:05.291 [main] INFO  o.s.d.r.c.RepositoryConfigurationDelegate.registerRepositoriesIn - Bootstrapping Spring Data repositories in DEFAULT mode.
20-11-2019 16:54:05.441 [main] INFO  o.s.d.r.c.RepositoryConfigurationDelegate.registerRepositoriesIn - Finished Spring Data repository scanning in 127ms. Found 2 repository interfaces.
20-11-2019 16:54:06.249 [main] INFO  o.s.c.s.PostProcessorRegistrationDelegate$BeanPostProcessorChecker.postProcessAfterInitialization - Bean 'org.springframework.transaction.annotation.ProxyTransactionManagementConfiguration' of type [org.springframework.transaction.annotation.ProxyTransactionManagementConfiguration] is not eligible for getting processed by all BeanPostProcessors (for example: not eligible for auto-proxying)
20-11-2019 16:54:07.542 [main] INFO  o.s.b.w.e.tomcat.TomcatWebServer.initialize - Tomcat initialized with port(s): 5001 (http)
20-11-2019 16:54:07.573 [main] INFO  o.a.catalina.core.StandardService.log - Starting service [Tomcat]
20-11-2019 16:54:07.574 [main] INFO  o.a.catalina.core.StandardEngine.log - Starting Servlet engine: [Apache Tomcat/9.0.27]
20-11-2019 16:54:07.892 [main] INFO  o.a.c.c.C.[Tomcat].[localhost].[/].log - Initializing Spring embedded WebApplicationContext
20-11-2019 16:54:07.893 [main] DEBUG o.s.web.context.ContextLoader.prepareWebApplicationContext - Published root WebApplicationContext as ServletContext attribute with name [org.springframework.web.context.WebApplicationContext.ROOT]
20-11-2019 16:54:07.894 [main] INFO  o.s.web.context.ContextLoader.prepareWebApplicationContext - Root WebApplicationContext: initialization completed in 3767 ms
20-11-2019 16:54:11.870 [main] INFO  o.s.o.j.LocalContainerEntityManagerFactoryBean.buildNativeEntityManagerFactory - Initialized JPA EntityManagerFactory for persistence unit 'default'
20-11-2019 16:54:12.843 [main] WARN  o.s.b.a.o.j.JpaBaseConfiguration$JpaWebConfiguration.openEntityManagerInViewInterceptor - spring.jpa.open-in-view is enabled by default. Therefore, database queries may be performed during view rendering. Explicitly configure spring.jpa.open-in-view to disable this warning
20-11-2019 16:54:13.252 [main] INFO  o.s.s.c.ThreadPoolTaskExecutor.initialize - Initializing ExecutorService 'applicationTaskExecutor'
20-11-2019 16:54:13.268 [main] DEBUG o.s.w.s.m.m.a.RequestMappingHandlerAdapter.initControllerAdviceCache - ControllerAdvice beans: 0 @ModelAttribute, 0 @InitBinder, 1 RequestBodyAdvice, 1 ResponseBodyAdvice
20-11-2019 16:54:13.418 [main] DEBUG o.s.w.s.m.m.a.RequestMappingHandlerMapping.handlerMethodsInitialized - 5 mappings in 'requestMappingHandlerMapping'
20-11-2019 16:54:13.492 [main] DEBUG o.s.w.s.h.SimpleUrlHandlerMapping.registerHandlers - Patterns [/webjars/**, /**] in 'resourceHandlerMapping'
20-11-2019 16:54:13.528 [main] DEBUG o.s.w.s.m.m.a.ExceptionHandlerExceptionResolver.initExceptionHandlerAdviceCache - ControllerAdvice beans: 0 @ExceptionHandler, 1 ResponseBodyAdvice
20-11-2019 16:54:14.064 [main] INFO  o.s.b.w.e.tomcat.TomcatWebServer.start - Tomcat started on port(s): 5001 (http) with context path ''
20-11-2019 16:54:39.653 [http-nio-5001-exec-1] INFO  o.a.c.c.C.[Tomcat].[localhost].[/].log - Initializing Spring DispatcherServlet 'dispatcherServlet'
20-11-2019 16:54:39.654 [http-nio-5001-exec-1] INFO  o.s.web.servlet.DispatcherServlet.initServletBean - Initializing Servlet 'dispatcherServlet'
20-11-2019 16:54:39.654 [http-nio-5001-exec-1] DEBUG o.s.web.servlet.DispatcherServlet.initMultipartResolver - Detected StandardServletMultipartResolver
20-11-2019 16:54:39.670 [http-nio-5001-exec-1] DEBUG o.s.web.servlet.DispatcherServlet.initServletBean - enableLoggingRequestDetails='false': request parameters and headers will be masked to prevent unsafe logging of potentially sensitive data
20-11-2019 16:54:39.671 [http-nio-5001-exec-1] INFO  o.s.web.servlet.DispatcherServlet.initServletBean - Completed initialization in 16 ms
20-11-2019 16:54:39.816 [http-nio-5001-exec-1] DEBUG o.s.web.servlet.DispatcherServlet.traceDebug - POST "/api/user/register", parameters={}
20-11-2019 16:54:39.825 [http-nio-5001-exec-1] DEBUG o.s.w.s.m.m.a.RequestMappingHandlerMapping.getHandler - Mapped to com.project.hotel.controller.userControllerImpl#userRegister(User)
20-11-2019 16:54:40.324 [http-nio-5001-exec-1] DEBUG o.s.w.s.m.m.a.RequestResponseBodyMethodProcessor.traceDebug - Read "application/json;charset=UTF-8" to [com.project.hotel.entity.User@5d5aaeeb]
20-11-2019 16:54:41.128 [http-nio-5001-exec-1] DEBUG o.s.w.s.m.m.a.HttpEntityMethodProcessor.writeWithMessageConverters - Using 'application/json', given [*/*] and supported [application/json, application/*+json, application/json, application/*+json]
20-11-2019 16:54:41.130 [http-nio-5001-exec-1] DEBUG o.s.w.s.m.m.a.HttpEntityMethodProcessor.traceDebug - Writing [com.project.hotel.entity.User@5d5aaeeb]
20-11-2019 16:54:41.158 [http-nio-5001-exec-1] DEBUG o.s.web.servlet.DispatcherServlet.logResult - Completed 403 FORBIDDEN
20-11-2019 16:57:21.372 [main] INFO  o.s.d.r.c.RepositoryConfigurationDelegate.registerRepositoriesIn - Bootstrapping Spring Data repositories in DEFAULT mode.
20-11-2019 16:57:21.543 [main] INFO  o.s.d.r.c.RepositoryConfigurationDelegate.registerRepositoriesIn - Finished Spring Data repository scanning in 148ms. Found 2 repository interfaces.
20-11-2019 16:57:22.208 [main] INFO  o.s.c.s.PostProcessorRegistrationDelegate$BeanPostProcessorChecker.postProcessAfterInitialization - Bean 'org.springframework.transaction.annotation.ProxyTransactionManagementConfiguration' of type [org.springframework.transaction.annotation.ProxyTransactionManagementConfiguration] is not eligible for getting processed by all BeanPostProcessors (for example: not eligible for auto-proxying)
20-11-2019 16:57:23.411 [main] INFO  o.s.b.w.e.tomcat.TomcatWebServer.initialize - Tomcat initialized with port(s): 5001 (http)
20-11-2019 16:57:23.428 [main] INFO  o.a.catalina.core.StandardService.log - Starting service [Tomcat]
20-11-2019 16:57:23.429 [main] INFO  o.a.catalina.core.StandardEngine.log - Starting Servlet engine: [Apache Tomcat/9.0.27]
20-11-2019 16:57:23.716 [main] INFO  o.a.c.c.C.[Tomcat].[localhost].[/].log - Initializing Spring embedded WebApplicationContext
20-11-2019 16:57:23.717 [main] DEBUG o.s.web.context.ContextLoader.prepareWebApplicationContext - Published root WebApplicationContext as ServletContext attribute with name [org.springframework.web.context.WebApplicationContext.ROOT]
20-11-2019 16:57:23.718 [main] INFO  o.s.web.context.ContextLoader.prepareWebApplicationContext - Root WebApplicationContext: initialization completed in 3667 ms
20-11-2019 16:57:27.871 [main] INFO  o.s.o.j.LocalContainerEntityManagerFactoryBean.buildNativeEntityManagerFactory - Initialized JPA EntityManagerFactory for persistence unit 'default'
20-11-2019 16:57:28.933 [main] WARN  o.s.b.a.o.j.JpaBaseConfiguration$JpaWebConfiguration.openEntityManagerInViewInterceptor - spring.jpa.open-in-view is enabled by default. Therefore, database queries may be performed during view rendering. Explicitly configure spring.jpa.open-in-view to disable this warning
20-11-2019 16:57:29.344 [main] INFO  o.s.s.c.ThreadPoolTaskExecutor.initialize - Initializing ExecutorService 'applicationTaskExecutor'
20-11-2019 16:57:29.362 [main] DEBUG o.s.w.s.m.m.a.RequestMappingHandlerAdapter.initControllerAdviceCache - ControllerAdvice beans: 0 @ModelAttribute, 0 @InitBinder, 1 RequestBodyAdvice, 1 ResponseBodyAdvice
20-11-2019 16:57:29.512 [main] DEBUG o.s.w.s.m.m.a.RequestMappingHandlerMapping.handlerMethodsInitialized - 5 mappings in 'requestMappingHandlerMapping'
20-11-2019 16:57:29.572 [main] DEBUG o.s.w.s.h.SimpleUrlHandlerMapping.registerHandlers - Patterns [/webjars/**, /**] in 'resourceHandlerMapping'
20-11-2019 16:57:29.591 [main] DEBUG o.s.w.s.m.m.a.ExceptionHandlerExceptionResolver.initExceptionHandlerAdviceCache - ControllerAdvice beans: 0 @ExceptionHandler, 1 ResponseBodyAdvice
20-11-2019 16:57:29.882 [main] INFO  o.s.b.w.e.tomcat.TomcatWebServer.start - Tomcat started on port(s): 5001 (http) with context path ''
20-11-2019 16:57:35.187 [http-nio-5001-exec-1] INFO  o.a.c.c.C.[Tomcat].[localhost].[/].log - Initializing Spring DispatcherServlet 'dispatcherServlet'
20-11-2019 16:57:35.188 [http-nio-5001-exec-1] INFO  o.s.web.servlet.DispatcherServlet.initServletBean - Initializing Servlet 'dispatcherServlet'
20-11-2019 16:57:35.188 [http-nio-5001-exec-1] DEBUG o.s.web.servlet.DispatcherServlet.initMultipartResolver - Detected StandardServletMultipartResolver
20-11-2019 16:57:35.241 [http-nio-5001-exec-1] DEBUG o.s.web.servlet.DispatcherServlet.initServletBean - enableLoggingRequestDetails='false': request parameters and headers will be masked to prevent unsafe logging of potentially sensitive data
20-11-2019 16:57:35.241 [http-nio-5001-exec-1] INFO  o.s.web.servlet.DispatcherServlet.initServletBean - Completed initialization in 53 ms
20-11-2019 16:57:35.277 [http-nio-5001-exec-1] DEBUG o.s.web.servlet.DispatcherServlet.traceDebug - POST "/api/user/register", parameters={}
20-11-2019 16:57:35.300 [http-nio-5001-exec-1] DEBUG o.s.w.s.m.m.a.RequestMappingHandlerMapping.getHandler - Mapped to com.project.hotel.controller.userControllerImpl#userRegister(User)
20-11-2019 16:57:35.891 [http-nio-5001-exec-1] DEBUG o.s.w.s.m.m.a.RequestResponseBodyMethodProcessor.traceDebug - Read "application/json;charset=UTF-8" to [com.project.hotel.entity.User@6f674704]
20-11-2019 16:57:36.524 [http-nio-5001-exec-1] DEBUG o.s.w.s.m.m.a.HttpEntityMethodProcessor.writeWithMessageConverters - Using 'application/json', given [*/*] and supported [application/json, application/*+json, application/json, application/*+json]
20-11-2019 16:57:36.525 [http-nio-5001-exec-1] DEBUG o.s.w.s.m.m.a.HttpEntityMethodProcessor.traceDebug - Writing [com.project.hotel.entity.User@6f674704]
20-11-2019 16:57:36.553 [http-nio-5001-exec-1] DEBUG o.s.web.servlet.DispatcherServlet.logResult - Completed 200 OK
20-11-2019 16:57:51.720 [http-nio-5001-exec-3] DEBUG o.s.web.servlet.DispatcherServlet.traceDebug - POST "/api/user/login", parameters={}
20-11-2019 16:57:51.722 [http-nio-5001-exec-3] DEBUG o.s.w.s.m.m.a.RequestMappingHandlerMapping.getHandler - Mapped to com.project.hotel.controller.userControllerImpl#userLogin(User)
20-11-2019 16:57:51.725 [http-nio-5001-exec-3] DEBUG o.s.w.s.m.m.a.RequestResponseBodyMethodProcessor.traceDebug - Read "application/json;charset=UTF-8" to [com.project.hotel.entity.User@4a46a9cb]
20-11-2019 16:57:51.736 [http-nio-5001-exec-3] DEBUG o.s.w.s.m.m.a.HttpEntityMethodProcessor.writeWithMessageConverters - Using 'application/json', given [*/*] and supported [application/json, application/*+json, application/json, application/*+json]
20-11-2019 16:57:51.736 [http-nio-5001-exec-3] DEBUG o.s.w.s.m.m.a.HttpEntityMethodProcessor.traceDebug - Writing [com.project.hotel.entity.User@6a5fb354]
20-11-2019 16:57:51.738 [http-nio-5001-exec-3] DEBUG o.s.web.servlet.DispatcherServlet.logResult - Completed 200 OK
20-11-2019 17:00:03.023 [http-nio-5001-exec-5] DEBUG o.s.web.servlet.DispatcherServlet.traceDebug - POST "/api/property/addProperty", parameters={}
20-11-2019 17:00:03.025 [http-nio-5001-exec-5] DEBUG o.s.w.s.m.m.a.RequestMappingHandlerMapping.getHandler - Mapped to com.project.hotel.controller.PropertyControllerImpl#addProperty(RegisterProperty)
20-11-2019 17:00:03.052 [http-nio-5001-exec-5] DEBUG o.s.w.s.m.m.a.RequestResponseBodyMethodProcessor.traceDebug - Read "application/json;charset=UTF-8" to [com.project.hotel.entity.RegisterProperty@3ca0d399]
20-11-2019 17:00:03.060 [http-nio-5001-exec-5] DEBUG o.s.web.servlet.DispatcherServlet.logResult - Failed to complete request: java.lang.NullPointerException
20-11-2019 17:00:03.073 [http-nio-5001-exec-5] ERROR o.a.c.c.C.[.[.[.[dispatcherServlet].log - Servlet.service() for servlet [dispatcherServlet] in context with path [] threw exception [Request processing failed; nested exception is java.lang.NullPointerException] with root cause
java.lang.NullPointerException: null
	at com.project.hotel.controller.PropertyControllerImpl.addProperty(PropertyControllerImpl.java:25)
	at sun.reflect.NativeMethodAccessorImpl.invoke0(Native Method)
	at sun.reflect.NativeMethodAccessorImpl.invoke(Unknown Source)
	at sun.reflect.DelegatingMethodAccessorImpl.invoke(Unknown Source)
	at java.lang.reflect.Method.invoke(Unknown Source)
	at org.springframework.web.method.support.InvocableHandlerMethod.doInvoke(InvocableHandlerMethod.java:190)
	at org.springframework.web.method.support.InvocableHandlerMethod.invokeForRequest(InvocableHandlerMethod.java:138)
	at org.springframework.web.servlet.mvc.method.annotation.ServletInvocableHandlerMethod.invokeAndHandle(ServletInvocableHandlerMethod.java:106)
	at org.springframework.web.servlet.mvc.method.annotation.RequestMappingHandlerAdapter.invokeHandlerMethod(RequestMappingHandlerAdapter.java:888)
	at org.springframework.web.servlet.mvc.method.annotation.RequestMappingHandlerAdapter.handleInternal(RequestMappingHandlerAdapter.java:793)
	at org.springframework.web.servlet.mvc.method.AbstractHandlerMethodAdapter.handle(AbstractHandlerMethodAdapter.java:87)
	at org.springframework.web.servlet.DispatcherServlet.doDispatch(DispatcherServlet.java:1040)
	at org.springframework.web.servlet.DispatcherServlet.doService(DispatcherServlet.java:943)
	at org.springframework.web.servlet.FrameworkServlet.processRequest(FrameworkServlet.java:1006)
	at org.springframework.web.servlet.FrameworkServlet.doPost(FrameworkServlet.java:909)
	at javax.servlet.http.HttpServlet.service(HttpServlet.java:660)
	at org.springframework.web.servlet.FrameworkServlet.service(FrameworkServlet.java:883)
	at javax.servlet.http.HttpServlet.service(HttpServlet.java:741)
	at org.apache.catalina.core.ApplicationFilterChain.internalDoFilter(ApplicationFilterChain.java:231)
	at org.apache.catalina.core.ApplicationFilterChain.doFilter(ApplicationFilterChain.java:166)
	at org.apache.tomcat.websocket.server.WsFilter.doFilter(WsFilter.java:53)
	at org.apache.catalina.core.ApplicationFilterChain.internalDoFilter(ApplicationFilterChain.java:193)
	at org.apache.catalina.core.ApplicationFilterChain.doFilter(ApplicationFilterChain.java:166)
	at org.springframework.web.filter.RequestContextFilter.doFilterInternal(RequestContextFilter.java:100)
	at org.springframework.web.filter.OncePerRequestFilter.doFilter(OncePerRequestFilter.java:119)
	at org.apache.catalina.core.ApplicationFilterChain.internalDoFilter(ApplicationFilterChain.java:193)
	at org.apache.catalina.core.ApplicationFilterChain.doFilter(ApplicationFilterChain.java:166)
	at org.springframework.web.filter.FormContentFilter.doFilterInternal(FormContentFilter.java:93)
	at org.springframework.web.filter.OncePerRequestFilter.doFilter(OncePerRequestFilter.java:119)
	at org.apache.catalina.core.ApplicationFilterChain.internalDoFilter(ApplicationFilterChain.java:193)
	at org.apache.catalina.core.ApplicationFilterChain.doFilter(ApplicationFilterChain.java:166)
	at org.springframework.web.filter.CharacterEncodingFilter.doFilterInternal(CharacterEncodingFilter.java:201)
	at org.springframework.web.filter.OncePerRequestFilter.doFilter(OncePerRequestFilter.java:119)
	at org.apache.catalina.core.ApplicationFilterChain.internalDoFilter(ApplicationFilterChain.java:193)
	at org.apache.catalina.core.ApplicationFilterChain.doFilter(ApplicationFilterChain.java:166)
	at org.apache.catalina.core.StandardWrapperValve.invoke(StandardWrapperValve.java:202)
	at org.apache.catalina.core.StandardContextValve.invoke(StandardContextValve.java:96)
	at org.apache.catalina.authenticator.AuthenticatorBase.invoke(AuthenticatorBase.java:526)
	at org.apache.catalina.core.StandardHostValve.invoke(StandardHostValve.java:139)
	at org.apache.catalina.valves.ErrorReportValve.invoke(ErrorReportValve.java:92)
	at org.apache.catalina.core.StandardEngineValve.invoke(StandardEngineValve.java:74)
	at org.apache.catalina.connector.CoyoteAdapter.service(CoyoteAdapter.java:343)
	at org.apache.coyote.http11.Http11Processor.service(Http11Processor.java:408)
	at org.apache.coyote.AbstractProcessorLight.process(AbstractProcessorLight.java:66)
	at org.apache.coyote.AbstractProtocol$ConnectionHandler.process(AbstractProtocol.java:861)
	at org.apache.tomcat.util.net.NioEndpoint$SocketProcessor.doRun(NioEndpoint.java:1579)
	at org.apache.tomcat.util.net.SocketProcessorBase.run(SocketProcessorBase.java:49)
	at java.util.concurrent.ThreadPoolExecutor.runWorker(Unknown Source)
	at java.util.concurrent.ThreadPoolExecutor$Worker.run(Unknown Source)
	at org.apache.tomcat.util.threads.TaskThread$WrappingRunnable.run(TaskThread.java:61)
	at java.lang.Thread.run(Unknown Source)
20-11-2019 17:00:03.082 [http-nio-5001-exec-5] DEBUG o.s.web.servlet.DispatcherServlet.traceDebug - "ERROR" dispatch for POST "/error", parameters={}
20-11-2019 17:00:03.085 [http-nio-5001-exec-5] DEBUG o.s.w.s.m.m.a.RequestMappingHandlerMapping.getHandler - Mapped to org.springframework.boot.autoconfigure.web.servlet.error.BasicErrorController#error(HttpServletRequest)
20-11-2019 17:00:03.113 [http-nio-5001-exec-5] DEBUG o.s.w.s.m.m.a.HttpEntityMethodProcessor.writeWithMessageConverters - Using 'application/json', given [*/*] and supported [application/json, application/*+json, application/json, application/*+json]
20-11-2019 17:00:03.114 [http-nio-5001-exec-5] DEBUG o.s.w.s.m.m.a.HttpEntityMethodProcessor.traceDebug - Writing [{timestamp=Wed Nov 20 17:00:03 IST 2019, status=500, error=Internal Server Error, message=No message (truncated)...]
20-11-2019 17:00:03.138 [http-nio-5001-exec-5] DEBUG o.s.web.servlet.DispatcherServlet.logResult - Exiting from "ERROR" dispatch, status 500
20-11-2019 17:01:22.822 [main] INFO  o.s.d.r.c.RepositoryConfigurationDelegate.registerRepositoriesIn - Bootstrapping Spring Data repositories in DEFAULT mode.
20-11-2019 17:01:22.994 [main] INFO  o.s.d.r.c.RepositoryConfigurationDelegate.registerRepositoriesIn - Finished Spring Data repository scanning in 144ms. Found 2 repository interfaces.
20-11-2019 17:01:23.859 [main] INFO  o.s.c.s.PostProcessorRegistrationDelegate$BeanPostProcessorChecker.postProcessAfterInitialization - Bean 'org.springframework.transaction.annotation.ProxyTransactionManagementConfiguration' of type [org.springframework.transaction.annotation.ProxyTransactionManagementConfiguration] is not eligible for getting processed by all BeanPostProcessors (for example: not eligible for auto-proxying)
20-11-2019 17:01:25.346 [main] INFO  o.s.b.w.e.tomcat.TomcatWebServer.initialize - Tomcat initialized with port(s): 5001 (http)
20-11-2019 17:01:25.365 [main] INFO  o.a.catalina.core.StandardService.log - Starting service [Tomcat]
20-11-2019 17:01:25.366 [main] INFO  o.a.catalina.core.StandardEngine.log - Starting Servlet engine: [Apache Tomcat/9.0.27]
20-11-2019 17:01:25.661 [main] INFO  o.a.c.c.C.[Tomcat].[localhost].[/].log - Initializing Spring embedded WebApplicationContext
20-11-2019 17:01:25.662 [main] DEBUG o.s.web.context.ContextLoader.prepareWebApplicationContext - Published root WebApplicationContext as ServletContext attribute with name [org.springframework.web.context.WebApplicationContext.ROOT]
20-11-2019 17:01:25.662 [main] INFO  o.s.web.context.ContextLoader.prepareWebApplicationContext - Root WebApplicationContext: initialization completed in 4483 ms
20-11-2019 17:01:30.892 [main] INFO  o.s.o.j.LocalContainerEntityManagerFactoryBean.buildNativeEntityManagerFactory - Initialized JPA EntityManagerFactory for persistence unit 'default'
20-11-2019 17:01:33.654 [main] WARN  o.s.b.a.o.j.JpaBaseConfiguration$JpaWebConfiguration.openEntityManagerInViewInterceptor - spring.jpa.open-in-view is enabled by default. Therefore, database queries may be performed during view rendering. Explicitly configure spring.jpa.open-in-view to disable this warning
20-11-2019 17:01:34.086 [main] INFO  o.s.s.c.ThreadPoolTaskExecutor.initialize - Initializing ExecutorService 'applicationTaskExecutor'
20-11-2019 17:01:34.122 [main] DEBUG o.s.w.s.m.m.a.RequestMappingHandlerAdapter.initControllerAdviceCache - ControllerAdvice beans: 0 @ModelAttribute, 0 @InitBinder, 1 RequestBodyAdvice, 1 ResponseBodyAdvice
20-11-2019 17:01:34.345 [main] DEBUG o.s.w.s.m.m.a.RequestMappingHandlerMapping.handlerMethodsInitialized - 5 mappings in 'requestMappingHandlerMapping'
20-11-2019 17:01:34.408 [main] DEBUG o.s.w.s.h.SimpleUrlHandlerMapping.registerHandlers - Patterns [/webjars/**, /**] in 'resourceHandlerMapping'
20-11-2019 17:01:34.431 [main] DEBUG o.s.w.s.m.m.a.ExceptionHandlerExceptionResolver.initExceptionHandlerAdviceCache - ControllerAdvice beans: 0 @ExceptionHandler, 1 ResponseBodyAdvice
20-11-2019 17:01:35.190 [main] INFO  o.s.b.w.e.tomcat.TomcatWebServer.start - Tomcat started on port(s): 5001 (http) with context path ''
20-11-2019 17:01:40.505 [http-nio-5001-exec-1] INFO  o.a.c.c.C.[Tomcat].[localhost].[/].log - Initializing Spring DispatcherServlet 'dispatcherServlet'
20-11-2019 17:01:40.506 [http-nio-5001-exec-1] INFO  o.s.web.servlet.DispatcherServlet.initServletBean - Initializing Servlet 'dispatcherServlet'
20-11-2019 17:01:40.506 [http-nio-5001-exec-1] DEBUG o.s.web.servlet.DispatcherServlet.initMultipartResolver - Detected StandardServletMultipartResolver
20-11-2019 17:01:40.538 [http-nio-5001-exec-1] DEBUG o.s.web.servlet.DispatcherServlet.initServletBean - enableLoggingRequestDetails='false': request parameters and headers will be masked to prevent unsafe logging of potentially sensitive data
20-11-2019 17:01:40.539 [http-nio-5001-exec-1] INFO  o.s.web.servlet.DispatcherServlet.initServletBean - Completed initialization in 33 ms
20-11-2019 17:01:40.606 [http-nio-5001-exec-1] DEBUG o.s.web.servlet.DispatcherServlet.traceDebug - POST "/api/property/addProperty", parameters={}
20-11-2019 17:01:40.618 [http-nio-5001-exec-1] DEBUG o.s.w.s.m.m.a.RequestMappingHandlerMapping.getHandler - Mapped to com.project.hotel.controller.PropertyControllerImpl#addProperty(RegisterProperty)
20-11-2019 17:01:41.073 [http-nio-5001-exec-1] DEBUG o.s.w.s.m.m.a.RequestResponseBodyMethodProcessor.traceDebug - Read "application/json;charset=UTF-8" to [com.project.hotel.entity.RegisterProperty@15a2e06]
20-11-2019 17:01:41.102 [http-nio-5001-exec-1] DEBUG o.s.web.servlet.DispatcherServlet.logResult - Failed to complete request: java.lang.NullPointerException
20-11-2019 17:01:41.115 [http-nio-5001-exec-1] ERROR o.a.c.c.C.[.[.[.[dispatcherServlet].log - Servlet.service() for servlet [dispatcherServlet] in context with path [] threw exception [Request processing failed; nested exception is java.lang.NullPointerException] with root cause
java.lang.NullPointerException: null
	at com.project.hotel.controller.PropertyControllerImpl.addProperty(PropertyControllerImpl.java:25)
	at sun.reflect.NativeMethodAccessorImpl.invoke0(Native Method)
	at sun.reflect.NativeMethodAccessorImpl.invoke(Unknown Source)
	at sun.reflect.DelegatingMethodAccessorImpl.invoke(Unknown Source)
	at java.lang.reflect.Method.invoke(Unknown Source)
	at org.springframework.web.method.support.InvocableHandlerMethod.doInvoke(InvocableHandlerMethod.java:190)
	at org.springframework.web.method.support.InvocableHandlerMethod.invokeForRequest(InvocableHandlerMethod.java:138)
	at org.springframework.web.servlet.mvc.method.annotation.ServletInvocableHandlerMethod.invokeAndHandle(ServletInvocableHandlerMethod.java:106)
	at org.springframework.web.servlet.mvc.method.annotation.RequestMappingHandlerAdapter.invokeHandlerMethod(RequestMappingHandlerAdapter.java:888)
	at org.springframework.web.servlet.mvc.method.annotation.RequestMappingHandlerAdapter.handleInternal(RequestMappingHandlerAdapter.java:793)
	at org.springframework.web.servlet.mvc.method.AbstractHandlerMethodAdapter.handle(AbstractHandlerMethodAdapter.java:87)
	at org.springframework.web.servlet.DispatcherServlet.doDispatch(DispatcherServlet.java:1040)
	at org.springframework.web.servlet.DispatcherServlet.doService(DispatcherServlet.java:943)
	at org.springframework.web.servlet.FrameworkServlet.processRequest(FrameworkServlet.java:1006)
	at org.springframework.web.servlet.FrameworkServlet.doPost(FrameworkServlet.java:909)
	at javax.servlet.http.HttpServlet.service(HttpServlet.java:660)
	at org.springframework.web.servlet.FrameworkServlet.service(FrameworkServlet.java:883)
	at javax.servlet.http.HttpServlet.service(HttpServlet.java:741)
	at org.apache.catalina.core.ApplicationFilterChain.internalDoFilter(ApplicationFilterChain.java:231)
	at org.apache.catalina.core.ApplicationFilterChain.doFilter(ApplicationFilterChain.java:166)
	at org.apache.tomcat.websocket.server.WsFilter.doFilter(WsFilter.java:53)
	at org.apache.catalina.core.ApplicationFilterChain.internalDoFilter(ApplicationFilterChain.java:193)
	at org.apache.catalina.core.ApplicationFilterChain.doFilter(ApplicationFilterChain.java:166)
	at org.springframework.web.filter.RequestContextFilter.doFilterInternal(RequestContextFilter.java:100)
	at org.springframework.web.filter.OncePerRequestFilter.doFilter(OncePerRequestFilter.java:119)
	at org.apache.catalina.core.ApplicationFilterChain.internalDoFilter(ApplicationFilterChain.java:193)
	at org.apache.catalina.core.ApplicationFilterChain.doFilter(ApplicationFilterChain.java:166)
	at org.springframework.web.filter.FormContentFilter.doFilterInternal(FormContentFilter.java:93)
	at org.springframework.web.filter.OncePerRequestFilter.doFilter(OncePerRequestFilter.java:119)
	at org.apache.catalina.core.ApplicationFilterChain.internalDoFilter(ApplicationFilterChain.java:193)
	at org.apache.catalina.core.ApplicationFilterChain.doFilter(ApplicationFilterChain.java:166)
	at org.springframework.web.filter.CharacterEncodingFilter.doFilterInternal(CharacterEncodingFilter.java:201)
	at org.springframework.web.filter.OncePerRequestFilter.doFilter(OncePerRequestFilter.java:119)
	at org.apache.catalina.core.ApplicationFilterChain.internalDoFilter(ApplicationFilterChain.java:193)
	at org.apache.catalina.core.ApplicationFilterChain.doFilter(ApplicationFilterChain.java:166)
	at org.apache.catalina.core.StandardWrapperValve.invoke(StandardWrapperValve.java:202)
	at org.apache.catalina.core.StandardContextValve.invoke(StandardContextValve.java:96)
	at org.apache.catalina.authenticator.AuthenticatorBase.invoke(AuthenticatorBase.java:526)
	at org.apache.catalina.core.StandardHostValve.invoke(StandardHostValve.java:139)
	at org.apache.catalina.valves.ErrorReportValve.invoke(ErrorReportValve.java:92)
	at org.apache.catalina.core.StandardEngineValve.invoke(StandardEngineValve.java:74)
	at org.apache.catalina.connector.CoyoteAdapter.service(CoyoteAdapter.java:343)
	at org.apache.coyote.http11.Http11Processor.service(Http11Processor.java:408)
	at org.apache.coyote.AbstractProcessorLight.process(AbstractProcessorLight.java:66)
	at org.apache.coyote.AbstractProtocol$ConnectionHandler.process(AbstractProtocol.java:861)
	at org.apache.tomcat.util.net.NioEndpoint$SocketProcessor.doRun(NioEndpoint.java:1579)
	at org.apache.tomcat.util.net.SocketProcessorBase.run(SocketProcessorBase.java:49)
	at java.util.concurrent.ThreadPoolExecutor.runWorker(Unknown Source)
	at java.util.concurrent.ThreadPoolExecutor$Worker.run(Unknown Source)
	at org.apache.tomcat.util.threads.TaskThread$WrappingRunnable.run(TaskThread.java:61)
	at java.lang.Thread.run(Unknown Source)
20-11-2019 17:01:41.129 [http-nio-5001-exec-1] DEBUG o.s.web.servlet.DispatcherServlet.traceDebug - "ERROR" dispatch for POST "/error", parameters={}
20-11-2019 17:01:41.136 [http-nio-5001-exec-1] DEBUG o.s.w.s.m.m.a.RequestMappingHandlerMapping.getHandler - Mapped to org.springframework.boot.autoconfigure.web.servlet.error.BasicErrorController#error(HttpServletRequest)
20-11-2019 17:01:41.173 [http-nio-5001-exec-1] DEBUG o.s.w.s.m.m.a.HttpEntityMethodProcessor.writeWithMessageConverters - Using 'application/json', given [*/*] and supported [application/json, application/*+json, application/json, application/*+json]
20-11-2019 17:01:41.174 [http-nio-5001-exec-1] DEBUG o.s.w.s.m.m.a.HttpEntityMethodProcessor.traceDebug - Writing [{timestamp=Wed Nov 20 17:01:41 IST 2019, status=500, error=Internal Server Error, message=No message (truncated)...]
20-11-2019 17:01:41.231 [http-nio-5001-exec-1] DEBUG o.s.web.servlet.DispatcherServlet.logResult - Exiting from "ERROR" dispatch, status 500
20-11-2019 17:02:25.036 [http-nio-5001-exec-2] DEBUG o.s.web.servlet.DispatcherServlet.traceDebug - POST "/api/property/addProperty", parameters={}
20-11-2019 17:02:25.037 [http-nio-5001-exec-2] DEBUG o.s.w.s.m.m.a.RequestMappingHandlerMapping.getHandler - Mapped to com.project.hotel.controller.PropertyControllerImpl#addProperty(RegisterProperty)
20-11-2019 17:02:25.040 [http-nio-5001-exec-2] DEBUG o.s.w.s.m.m.a.RequestResponseBodyMethodProcessor.traceDebug - Read "application/json;charset=UTF-8" to [com.project.hotel.entity.RegisterProperty@75efd2e4]
20-11-2019 17:02:29.277 [http-nio-5001-exec-2] DEBUG o.s.web.servlet.DispatcherServlet.logResult - Failed to complete request: java.lang.NullPointerException
20-11-2019 17:02:29.284 [http-nio-5001-exec-2] ERROR o.a.c.c.C.[.[.[.[dispatcherServlet].log - Servlet.service() for servlet [dispatcherServlet] in context with path [] threw exception [Request processing failed; nested exception is java.lang.NullPointerException] with root cause
java.lang.NullPointerException: null
	at com.project.hotel.controller.PropertyControllerImpl.addProperty(PropertyControllerImpl.java:25)
	at sun.reflect.NativeMethodAccessorImpl.invoke0(Native Method)
	at sun.reflect.NativeMethodAccessorImpl.invoke(Unknown Source)
	at sun.reflect.DelegatingMethodAccessorImpl.invoke(Unknown Source)
	at java.lang.reflect.Method.invoke(Unknown Source)
	at org.springframework.web.method.support.InvocableHandlerMethod.doInvoke(InvocableHandlerMethod.java:190)
	at org.springframework.web.method.support.InvocableHandlerMethod.invokeForRequest(InvocableHandlerMethod.java:138)
	at org.springframework.web.servlet.mvc.method.annotation.ServletInvocableHandlerMethod.invokeAndHandle(ServletInvocableHandlerMethod.java:106)
	at org.springframework.web.servlet.mvc.method.annotation.RequestMappingHandlerAdapter.invokeHandlerMethod(RequestMappingHandlerAdapter.java:888)
	at org.springframework.web.servlet.mvc.method.annotation.RequestMappingHandlerAdapter.handleInternal(RequestMappingHandlerAdapter.java:793)
	at org.springframework.web.servlet.mvc.method.AbstractHandlerMethodAdapter.handle(AbstractHandlerMethodAdapter.java:87)
	at org.springframework.web.servlet.DispatcherServlet.doDispatch(DispatcherServlet.java:1040)
	at org.springframework.web.servlet.DispatcherServlet.doService(DispatcherServlet.java:943)
	at org.springframework.web.servlet.FrameworkServlet.processRequest(FrameworkServlet.java:1006)
	at org.springframework.web.servlet.FrameworkServlet.doPost(FrameworkServlet.java:909)
	at javax.servlet.http.HttpServlet.service(HttpServlet.java:660)
	at org.springframework.web.servlet.FrameworkServlet.service(FrameworkServlet.java:883)
	at javax.servlet.http.HttpServlet.service(HttpServlet.java:741)
	at org.apache.catalina.core.ApplicationFilterChain.internalDoFilter(ApplicationFilterChain.java:231)
	at org.apache.catalina.core.ApplicationFilterChain.doFilter(ApplicationFilterChain.java:166)
	at org.apache.tomcat.websocket.server.WsFilter.doFilter(WsFilter.java:53)
	at org.apache.catalina.core.ApplicationFilterChain.internalDoFilter(ApplicationFilterChain.java:193)
	at org.apache.catalina.core.ApplicationFilterChain.doFilter(ApplicationFilterChain.java:166)
	at org.springframework.web.filter.RequestContextFilter.doFilterInternal(RequestContextFilter.java:100)
	at org.springframework.web.filter.OncePerRequestFilter.doFilter(OncePerRequestFilter.java:119)
	at org.apache.catalina.core.ApplicationFilterChain.internalDoFilter(ApplicationFilterChain.java:193)
	at org.apache.catalina.core.ApplicationFilterChain.doFilter(ApplicationFilterChain.java:166)
	at org.springframework.web.filter.FormContentFilter.doFilterInternal(FormContentFilter.java:93)
	at org.springframework.web.filter.OncePerRequestFilter.doFilter(OncePerRequestFilter.java:119)
	at org.apache.catalina.core.ApplicationFilterChain.internalDoFilter(ApplicationFilterChain.java:193)
	at org.apache.catalina.core.ApplicationFilterChain.doFilter(ApplicationFilterChain.java:166)
	at org.springframework.web.filter.CharacterEncodingFilter.doFilterInternal(CharacterEncodingFilter.java:201)
	at org.springframework.web.filter.OncePerRequestFilter.doFilter(OncePerRequestFilter.java:119)
	at org.apache.catalina.core.ApplicationFilterChain.internalDoFilter(ApplicationFilterChain.java:193)
	at org.apache.catalina.core.ApplicationFilterChain.doFilter(ApplicationFilterChain.java:166)
	at org.apache.catalina.core.StandardWrapperValve.invoke(StandardWrapperValve.java:202)
	at org.apache.catalina.core.StandardContextValve.invoke(StandardContextValve.java:96)
	at org.apache.catalina.authenticator.AuthenticatorBase.invoke(AuthenticatorBase.java:526)
	at org.apache.catalina.core.StandardHostValve.invoke(StandardHostValve.java:139)
	at org.apache.catalina.valves.ErrorReportValve.invoke(ErrorReportValve.java:92)
	at org.apache.catalina.core.StandardEngineValve.invoke(StandardEngineValve.java:74)
	at org.apache.catalina.connector.CoyoteAdapter.service(CoyoteAdapter.java:343)
	at org.apache.coyote.http11.Http11Processor.service(Http11Processor.java:408)
	at org.apache.coyote.AbstractProcessorLight.process(AbstractProcessorLight.java:66)
	at org.apache.coyote.AbstractProtocol$ConnectionHandler.process(AbstractProtocol.java:861)
	at org.apache.tomcat.util.net.NioEndpoint$SocketProcessor.doRun(NioEndpoint.java:1579)
	at org.apache.tomcat.util.net.SocketProcessorBase.run(SocketProcessorBase.java:49)
	at java.util.concurrent.ThreadPoolExecutor.runWorker(Unknown Source)
	at java.util.concurrent.ThreadPoolExecutor$Worker.run(Unknown Source)
	at org.apache.tomcat.util.threads.TaskThread$WrappingRunnable.run(TaskThread.java:61)
	at java.lang.Thread.run(Unknown Source)
20-11-2019 17:02:29.291 [http-nio-5001-exec-2] DEBUG o.s.web.servlet.DispatcherServlet.traceDebug - "ERROR" dispatch for POST "/error", parameters={}
20-11-2019 17:02:29.293 [http-nio-5001-exec-2] DEBUG o.s.w.s.m.m.a.RequestMappingHandlerMapping.getHandler - Mapped to org.springframework.boot.autoconfigure.web.servlet.error.BasicErrorController#error(HttpServletRequest)
20-11-2019 17:02:29.308 [http-nio-5001-exec-2] DEBUG o.s.w.s.m.m.a.HttpEntityMethodProcessor.writeWithMessageConverters - Using 'application/json', given [*/*] and supported [application/json, application/*+json, application/json, application/*+json]
20-11-2019 17:02:29.313 [http-nio-5001-exec-2] DEBUG o.s.w.s.m.m.a.HttpEntityMethodProcessor.traceDebug - Writing [{timestamp=Wed Nov 20 17:02:29 IST 2019, status=500, error=Internal Server Error, message=No message (truncated)...]
20-11-2019 17:02:29.321 [http-nio-5001-exec-2] DEBUG o.s.web.servlet.DispatcherServlet.logResult - Exiting from "ERROR" dispatch, status 500
20-11-2019 17:02:58.120 [main] INFO  o.s.d.r.c.RepositoryConfigurationDelegate.registerRepositoriesIn - Bootstrapping Spring Data repositories in DEFAULT mode.
20-11-2019 17:02:58.309 [main] INFO  o.s.d.r.c.RepositoryConfigurationDelegate.registerRepositoriesIn - Finished Spring Data repository scanning in 161ms. Found 2 repository interfaces.
20-11-2019 17:02:58.941 [main] INFO  o.s.c.s.PostProcessorRegistrationDelegate$BeanPostProcessorChecker.postProcessAfterInitialization - Bean 'org.springframework.transaction.annotation.ProxyTransactionManagementConfiguration' of type [org.springframework.transaction.annotation.ProxyTransactionManagementConfiguration] is not eligible for getting processed by all BeanPostProcessors (for example: not eligible for auto-proxying)
20-11-2019 17:03:00.134 [main] INFO  o.s.b.w.e.tomcat.TomcatWebServer.initialize - Tomcat initialized with port(s): 5001 (http)
20-11-2019 17:03:00.152 [main] INFO  o.a.catalina.core.StandardService.log - Starting service [Tomcat]
20-11-2019 17:03:00.153 [main] INFO  o.a.catalina.core.StandardEngine.log - Starting Servlet engine: [Apache Tomcat/9.0.27]
20-11-2019 17:03:00.426 [main] INFO  o.a.c.c.C.[Tomcat].[localhost].[/].log - Initializing Spring embedded WebApplicationContext
20-11-2019 17:03:00.426 [main] DEBUG o.s.web.context.ContextLoader.prepareWebApplicationContext - Published root WebApplicationContext as ServletContext attribute with name [org.springframework.web.context.WebApplicationContext.ROOT]
20-11-2019 17:03:00.427 [main] INFO  o.s.web.context.ContextLoader.prepareWebApplicationContext - Root WebApplicationContext: initialization completed in 3580 ms
20-11-2019 17:03:04.446 [main] INFO  o.s.o.j.LocalContainerEntityManagerFactoryBean.buildNativeEntityManagerFactory - Initialized JPA EntityManagerFactory for persistence unit 'default'
20-11-2019 17:03:05.350 [main] WARN  o.s.b.a.o.j.JpaBaseConfiguration$JpaWebConfiguration.openEntityManagerInViewInterceptor - spring.jpa.open-in-view is enabled by default. Therefore, database queries may be performed during view rendering. Explicitly configure spring.jpa.open-in-view to disable this warning
20-11-2019 17:03:05.699 [main] INFO  o.s.s.c.ThreadPoolTaskExecutor.initialize - Initializing ExecutorService 'applicationTaskExecutor'
20-11-2019 17:03:05.721 [main] DEBUG o.s.w.s.m.m.a.RequestMappingHandlerAdapter.initControllerAdviceCache - ControllerAdvice beans: 0 @ModelAttribute, 0 @InitBinder, 1 RequestBodyAdvice, 1 ResponseBodyAdvice
20-11-2019 17:03:05.949 [main] DEBUG o.s.w.s.m.m.a.RequestMappingHandlerMapping.handlerMethodsInitialized - 5 mappings in 'requestMappingHandlerMapping'
20-11-2019 17:03:06.024 [main] DEBUG o.s.w.s.h.SimpleUrlHandlerMapping.registerHandlers - Patterns [/webjars/**, /**] in 'resourceHandlerMapping'
20-11-2019 17:03:06.065 [main] DEBUG o.s.w.s.m.m.a.ExceptionHandlerExceptionResolver.initExceptionHandlerAdviceCache - ControllerAdvice beans: 0 @ExceptionHandler, 1 ResponseBodyAdvice
20-11-2019 17:03:06.606 [main] INFO  o.s.b.w.e.tomcat.TomcatWebServer.start - Tomcat started on port(s): 5001 (http) with context path ''
20-11-2019 17:03:13.421 [http-nio-5001-exec-1] INFO  o.a.c.c.C.[Tomcat].[localhost].[/].log - Initializing Spring DispatcherServlet 'dispatcherServlet'
20-11-2019 17:03:13.422 [http-nio-5001-exec-1] INFO  o.s.web.servlet.DispatcherServlet.initServletBean - Initializing Servlet 'dispatcherServlet'
20-11-2019 17:03:13.423 [http-nio-5001-exec-1] DEBUG o.s.web.servlet.DispatcherServlet.initMultipartResolver - Detected StandardServletMultipartResolver
20-11-2019 17:03:13.484 [http-nio-5001-exec-1] DEBUG o.s.web.servlet.DispatcherServlet.initServletBean - enableLoggingRequestDetails='false': request parameters and headers will be masked to prevent unsafe logging of potentially sensitive data
20-11-2019 17:03:13.485 [http-nio-5001-exec-1] INFO  o.s.web.servlet.DispatcherServlet.initServletBean - Completed initialization in 62 ms
20-11-2019 17:03:13.515 [http-nio-5001-exec-1] DEBUG o.s.web.servlet.DispatcherServlet.traceDebug - POST "/api/property/addProperty", parameters={}
20-11-2019 17:03:13.585 [http-nio-5001-exec-1] DEBUG o.s.w.s.m.m.a.RequestMappingHandlerMapping.getHandler - Mapped to com.project.hotel.controller.PropertyControllerImpl#addProperty(RegisterProperty)
20-11-2019 17:03:14.108 [http-nio-5001-exec-1] DEBUG o.s.w.s.m.m.a.RequestResponseBodyMethodProcessor.traceDebug - Read "application/json;charset=UTF-8" to [com.project.hotel.entity.RegisterProperty@2075a876]
20-11-2019 17:03:14.395 [http-nio-5001-exec-1] DEBUG o.s.w.s.m.m.a.HttpEntityMethodProcessor.writeWithMessageConverters - No match for [*/*], supported: []
20-11-2019 17:03:14.398 [http-nio-5001-exec-1] DEBUG o.s.web.servlet.DispatcherServlet.logResult - Completed 200 OK
